app/build/intermediates/manifest_merge_blame_file/debug/manifest-merger-blame-debug-report.txt
1<?xml version="1.0" encoding="utf-8"?>
2<manifest xmlns:android="http://schemas.android.com/apk/res/android"
3    package="com.example.tp_integrador"
4    android:versionCode="1"
5    android:versionName="1.0" >
6
7    <uses-sdk
8        android:minSdkVersion="24"
8-->src\main\AndroidManifest.xml
9        android:targetSdkVersion="34" />
9-->src\main\AndroidManifest.xml
10
11    <uses-permission android:name="android.permission.INTERNET" />
11-->src\main\AndroidManifest.xml:4:5-66
11-->src\main\AndroidManifest.xml:4:22-64
12
13    <permission
13-->[androidx.core:core:1.12.0] AndroidManifest.xml:22:5-24:47
14        android:name="com.example.tp_integrador.DYNAMIC_RECEIVER_NOT_EXPORTED_PERMISSION"
14-->[androidx.core:core:1.12.0] AndroidManifest.xml:23:9-81
15        android:protectionLevel="signature" />
15-->[androidx.core:core:1.12.0] AndroidManifest.xml:24:9-44
16
17    <uses-permission android:name="com.example.tp_integrador.DYNAMIC_RECEIVER_NOT_EXPORTED_PERMISSION" /> <!-- Permission will be merged into the manifest of the hosting app. -->
17-->[androidx.core:core:1.12.0] AndroidManifest.xml:26:5-97
17-->[androidx.core:core:1.12.0] AndroidManifest.xml:26:22-94
18    <!-- Is required to launch foreground extraction service for targetSdkVersion 28+. -->
19    <uses-permission android:name="android.permission.FOREGROUND_SERVICE" />
19-->[com.google.android.play:core:1.9.1] AndroidManifest.xml:8:3-74
19-->[com.google.android.play:core:1.9.1] AndroidManifest.xml:8:20-72
20
21    <application
21-->src\main\AndroidManifest.xml:6:5-24:19
22        android:allowBackup="true"
22-->src\main\AndroidManifest.xml:7:9-35
23        android:appComponentFactory="androidx.core.app.CoreComponentFactory"
23-->[androidx.core:core:1.12.0] AndroidManifest.xml:28:18-86
24        android:dataExtractionRules="@xml/data_extraction_rules"
24-->src\main\AndroidManifest.xml:8:9-65
25        android:debuggable="true"
26        android:extractNativeLibs="false"
27        android:fullBackupContent="@xml/backup_rules"
27-->src\main\AndroidManifest.xml:9:9-54
28        android:icon="@mipmap/ic_launcher"
28-->src\main\AndroidManifest.xml:10:9-43
29        android:label="@string/app_name"
29-->src\main\AndroidManifest.xml:11:9-41
30        android:supportsRtl="true"
30-->src\main\AndroidManifest.xml:12:9-35
31        android:testOnly="true"
32        android:theme="@style/Theme.Tp_integrador" >
32-->src\main\AndroidManifest.xml:13:9-51
33        <activity
33-->src\main\AndroidManifest.xml:15:9-23:20
34            android:name="com.example.tp_integrador.MainActivity"
34-->src\main\AndroidManifest.xml:16:13-41
35            android:exported="true" >
35-->src\main\AndroidManifest.xml:17:13-36
36            <intent-filter>
36-->src\main\AndroidManifest.xml:18:13-22:29
37                <action android:name="android.intent.action.MAIN" />
37-->src\main\AndroidManifest.xml:19:17-69
37-->src\main\AndroidManifest.xml:19:25-66
38
39                <category android:name="android.intent.category.LAUNCHER" />
39-->src\main\AndroidManifest.xml:21:17-77
39-->src\main\AndroidManifest.xml:21:27-74
40            </intent-filter>
41        </activity>
42
43        <provider
43-->[androidx.emoji2:emoji2:1.2.0] AndroidManifest.xml:24:9-32:20
44            android:name="androidx.startup.InitializationProvider"
44-->[androidx.emoji2:emoji2:1.2.0] AndroidManifest.xml:25:13-67
45            android:authorities="com.example.tp_integrador.androidx-startup"
45-->[androidx.emoji2:emoji2:1.2.0] AndroidManifest.xml:26:13-68
46            android:exported="false" >
46-->[androidx.emoji2:emoji2:1.2.0] AndroidManifest.xml:27:13-37
47            <meta-data
47-->[androidx.emoji2:emoji2:1.2.0] AndroidManifest.xml:29:13-31:52
48                android:name="androidx.emoji2.text.EmojiCompatInitializer"
48-->[androidx.emoji2:emoji2:1.2.0] AndroidManifest.xml:30:17-75
49                android:value="androidx.startup" />
49-->[androidx.emoji2:emoji2:1.2.0] AndroidManifest.xml:31:17-49
50            <meta-data
50-->[androidx.lifecycle:lifecycle-process:2.6.1] AndroidManifest.xml:29:13-31:52
51                android:name="androidx.lifecycle.ProcessLifecycleInitializer"
51-->[androidx.lifecycle:lifecycle-process:2.6.1] AndroidManifest.xml:30:17-78
52                android:value="androidx.startup" />
52-->[androidx.lifecycle:lifecycle-process:2.6.1] AndroidManifest.xml:31:17-49
53            <meta-data
53-->[androidx.profileinstaller:profileinstaller:1.3.0] AndroidManifest.xml:29:13-31:52
54                android:name="androidx.profileinstaller.ProfileInstallerInitializer"
54-->[androidx.profileinstaller:profileinstaller:1.3.0] AndroidManifest.xml:30:17-85
55                android:value="androidx.startup" />
55-->[androidx.profileinstaller:profileinstaller:1.3.0] AndroidManifest.xml:31:17-49
56        </provider>
57
58        <receiver
58-->[androidx.profileinstaller:profileinstaller:1.3.0] AndroidManifest.xml:34:9-52:20
59            android:name="androidx.profileinstaller.ProfileInstallReceiver"
59-->[androidx.profileinstaller:profileinstaller:1.3.0] AndroidManifest.xml:35:13-76
60            android:directBootAware="false"
60-->[androidx.profileinstaller:profileinstaller:1.3.0] AndroidManifest.xml:36:13-44
61            android:enabled="true"
61-->[androidx.profileinstaller:profileinstaller:1.3.0] AndroidManifest.xml:37:13-35
62            android:exported="true"
62-->[androidx.profileinstaller:profileinstaller:1.3.0] AndroidManifest.xml:38:13-36
63            android:permission="android.permission.DUMP" >
63-->[androidx.profileinstaller:profileinstaller:1.3.0] AndroidManifest.xml:39:13-57
64            <intent-filter>
64-->[androidx.profileinstaller:profileinstaller:1.3.0] AndroidManifest.xml:40:13-42:29
65                <action android:name="androidx.profileinstaller.action.INSTALL_PROFILE" />
65-->[androidx.profileinstaller:profileinstaller:1.3.0] AndroidManifest.xml:41:17-91
65-->[androidx.profileinstaller:profileinstaller:1.3.0] AndroidManifest.xml:41:25-88
66            </intent-filter>
67            <intent-filter>
67-->[androidx.profileinstaller:profileinstaller:1.3.0] AndroidManifest.xml:43:13-45:29
68                <action android:name="androidx.profileinstaller.action.SKIP_FILE" />
68-->[androidx.profileinstaller:profileinstaller:1.3.0] AndroidManifest.xml:44:17-85
68-->[androidx.profileinstaller:profileinstaller:1.3.0] AndroidManifest.xml:44:25-82
69            </intent-filter>
70            <intent-filter>
70-->[androidx.profileinstaller:profileinstaller:1.3.0] AndroidManifest.xml:46:13-48:29
71                <action android:name="androidx.profileinstaller.action.SAVE_PROFILE" />
71-->[androidx.profileinstaller:profileinstaller:1.3.0] AndroidManifest.xml:47:17-88
71-->[androidx.profileinstaller:profileinstaller:1.3.0] AndroidManifest.xml:47:25-85
72            </intent-filter>
73            <intent-filter>
73-->[androidx.profileinstaller:profileinstaller:1.3.0] AndroidManifest.xml:49:13-51:29
74                <action android:name="androidx.profileinstaller.action.BENCHMARK_OPERATION" />
74-->[androidx.profileinstaller:profileinstaller:1.3.0] AndroidManifest.xml:50:17-95
74-->[androidx.profileinstaller:profileinstaller:1.3.0] AndroidManifest.xml:50:25-92
75            </intent-filter>
76        </receiver> <!-- The activities will be merged into the manifest of the hosting app. -->
77        <activity
77-->[com.google.android.play:core:1.9.1] AndroidManifest.xml:12:5-271
78            android:name="com.google.android.play.core.missingsplits.PlayCoreMissingSplitsActivity"
78-->[com.google.android.play:core:1.9.1] AndroidManifest.xml:12:15-102
79            android:enabled="false"
79-->[com.google.android.play:core:1.9.1] AndroidManifest.xml:12:103-126
80            android:exported="false"
80-->[com.google.android.play:core:1.9.1] AndroidManifest.xml:12:127-151
81            android:launchMode="singleInstance"
81-->[com.google.android.play:core:1.9.1] AndroidManifest.xml:12:204-239
82            android:process=":playcore_missing_splits_activity"
82-->[com.google.android.play:core:1.9.1] AndroidManifest.xml:12:152-203
83            android:stateNotNeeded="true" />
83-->[com.google.android.play:core:1.9.1] AndroidManifest.xml:12:240-269
84        <activity
84-->[com.google.android.play:core:1.9.1] AndroidManifest.xml:13:5-226
85            android:name="com.google.android.play.core.common.PlayCoreDialogWrapperActivity"
85-->[com.google.android.play:core:1.9.1] AndroidManifest.xml:13:15-95
86            android:enabled="false"
86-->[com.google.android.play:core:1.9.1] AndroidManifest.xml:13:96-119
87            android:exported="false"
87-->[com.google.android.play:core:1.9.1] AndroidManifest.xml:13:120-144
88            android:stateNotNeeded="true"
88-->[com.google.android.play:core:1.9.1] AndroidManifest.xml:13:145-174
89            android:theme="@style/Theme.PlayCore.Transparent" /> <!-- The services will be merged into the manifest of the hosting app. -->
89-->[com.google.android.play:core:1.9.1] AndroidManifest.xml:13:175-224
90        <service
90-->[com.google.android.play:core:1.9.1] AndroidManifest.xml:16:5-18:15
91            android:name="com.google.android.play.core.assetpacks.AssetPackExtractionService"
91-->[com.google.android.play:core:1.9.1] AndroidManifest.xml:16:14-95
92            android:enabled="false"
92-->[com.google.android.play:core:1.9.1] AndroidManifest.xml:16:96-119
93            android:exported="true" >
93-->[com.google.android.play:core:1.9.1] AndroidManifest.xml:16:120-143
94            <meta-data
94-->[com.google.android.play:core:1.9.1] AndroidManifest.xml:17:7-108
95                android:name="com.google.android.play.core.assetpacks.versionCode"
95-->[com.google.android.play:core:1.9.1] AndroidManifest.xml:17:18-84
96                android:value="10901" />
96-->[com.google.android.play:core:1.9.1] AndroidManifest.xml:17:85-106
97        </service>
98        <service
98-->[com.google.android.play:core:1.9.1] AndroidManifest.xml:19:5-147
99            android:name="com.google.android.play.core.assetpacks.ExtractionForegroundService"
99-->[com.google.android.play:core:1.9.1] AndroidManifest.xml:19:14-96
100            android:enabled="false"
100-->[com.google.android.play:core:1.9.1] AndroidManifest.xml:19:97-120
101            android:exported="false" />
101-->[com.google.android.play:core:1.9.1] AndroidManifest.xml:19:121-145
102    </application>
103
104</manifest>